0 info it worked if it ends with ok
1 verbose cli [ '/usr/bin/node', '/usr/bin/npm', 'run', 'launch' ]
2 info using npm@3.5.2
3 info using node@v8.10.0
4 verbose run-script [ 'prelaunch', 'launch', 'postlaunch' ]
5 info lifecycle graph-test@0.0.1~prelaunch: graph-test@0.0.1
6 silly lifecycle graph-test@0.0.1~prelaunch: no script for prelaunch, continuing
7 info lifecycle graph-test@0.0.1~launch: graph-test@0.0.1
8 verbose lifecycle graph-test@0.0.1~launch: unsafe-perm in lifecycle true
9 verbose lifecycle graph-test@0.0.1~launch: PATH: /usr/share/npm/bin/node-gyp-bin:/home/aqkhan/Documents/graph-test/node_modules/.bin:/usr/share/npm/bin/node-gyp-bin:/home/aqkhan/Documents/graph-test/node_modules/.bin:/usr/local/sbin:/usr/local/bin:/usr/sbin:/usr/bin:/sbin:/bin:/usr/games:/usr/local/games:/snap/bin
10 verbose lifecycle graph-test@0.0.1~launch: CWD: /home/aqkhan/Documents/graph-test
11 silly lifecycle graph-test@0.0.1~launch: Args: [ '-c', 'open http://localhost:9999/graphql' ]
12 silly lifecycle graph-test@0.0.1~launch: Returned: code: 1  signal: null
13 info lifecycle graph-test@0.0.1~launch: Failed to exec launch script
14 verbose stack Error: graph-test@0.0.1 launch: `open http://localhost:9999/graphql`
14 verbose stack Exit status 1
14 verbose stack     at EventEmitter.<anonymous> (/usr/share/npm/lib/utils/lifecycle.js:232:16)
14 verbose stack     at emitTwo (events.js:126:13)
14 verbose stack     at EventEmitter.emit (events.js:214:7)
14 verbose stack     at ChildProcess.<anonymous> (/usr/share/npm/lib/utils/spawn.js:24:14)
14 verbose stack     at emitTwo (events.js:126:13)
14 verbose stack     at ChildProcess.emit (events.js:214:7)
14 verbose stack     at maybeClose (internal/child_process.js:925:16)
14 verbose stack     at Process.ChildProcess._handle.onexit (internal/child_process.js:209:5)
15 verbose pkgid graph-test@0.0.1
16 verbose cwd /home/aqkhan/Documents/graph-test
17 error Linux 4.15.0-36-generic
18 error argv "/usr/bin/node" "/usr/bin/npm" "run" "launch"
19 error node v8.10.0
20 error npm  v3.5.2
21 error code ELIFECYCLE
22 error graph-test@0.0.1 launch: `open http://localhost:9999/graphql`
22 error Exit status 1
23 error Failed at the graph-test@0.0.1 launch script 'open http://localhost:9999/graphql'.
23 error Make sure you have the latest version of node.js and npm installed.
23 error If you do, this is most likely a problem with the graph-test package,
23 error not with npm itself.
23 error Tell the author that this fails on your system:
23 error     open http://localhost:9999/graphql
23 error You can get information on how to open an issue for this project with:
23 error     npm bugs graph-test
23 error Or if that isn't available, you can get their info via:
23 error     npm owner ls graph-test
23 error There is likely additional logging output above.
24 verbose exit [ 1, true ]
